{
  "RSpec": {
    "coverage": {
      "/home/stephdatu/dev/ticketee/app/models/user.rb": [
        1,
        null,
        null,
        null,
        1,
        null,
        null,
        null,
        null,
        null,
        1,
        1,
        null,
        1,
        29,
        null,
        null
      ],
      "/home/stephdatu/dev/ticketee/app/controllers/application_controller.rb": [
        1,
        1,
        null,
        1,
        1,
        55,
        55,
        5,
        5,
        null,
        null,
        null
      ],
      "/home/stephdatu/dev/ticketee/app/helpers/application_helper.rb": [
        1,
        1,
        16,
        16,
        16,
        null,
        null,
        null,
        null,
        1,
        199,
        null,
        null
      ],
      "/home/stephdatu/dev/ticketee/app/helpers/admin/users_helper.rb": [
        1,
        null
      ],
      "/home/stephdatu/dev/ticketee/app/helpers/projects_helper.rb": [
        1,
        null
      ],
      "/home/stephdatu/dev/ticketee/app/helpers/tickets_helper.rb": [
        1,
        null
      ],
      "/home/stephdatu/dev/ticketee/app/helpers/users_helper.rb": [
        1,
        null
      ],
      "/home/stephdatu/dev/ticketee/app/controllers/admin/base_controller.rb": [
        1,
        1,
        null,
        1,
        null,
        null
      ],
      "/home/stephdatu/dev/ticketee/app/controllers/admin/users_controller.rb": [
        1,
        1,
        null,
        1,
        14,
        null,
        null,
        1,
        null,
        null,
        1,
        3,
        null,
        null,
        1,
        3,
        3,
        2,
        2,
        null,
        1,
        1,
        null,
        null,
        null,
        1,
        null,
        null,
        1,
        3,
        3,
        3,
        3,
        null,
        3,
        2,
        2,
        null,
        1,
        1,
        null,
        null,
        null,
        1,
        2,
        1,
        null,
        1,
        1,
        null,
        2,
        null,
        null,
        1,
        1,
        13,
        null,
        null
      ],
      "/home/stephdatu/dev/ticketee/app/controllers/projects_controller.rb": [
        1,
        1,
        1,
        1,
        null,
        1,
        56,
        null,
        null,
        1,
        2,
        null,
        null,
        1,
        2,
        2,
        1,
        1,
        null,
        1,
        1,
        null,
        null,
        null,
        1,
        null,
        null,
        1,
        null,
        null,
        1,
        2,
        1,
        1,
        null,
        1,
        1,
        null,
        null,
        null,
        1,
        1,
        1,
        1,
        null,
        null,
        1,
        1,
        25,
        null,
        4,
        4,
        null,
        null
      ],
      "/home/stephdatu/dev/ticketee/app/models/project.rb": [
        1,
        1,
        1,
        null,
        1,
        null,
        1,
        1,
        55,
        null,
        null,
        1,
        99,
        null,
        null
      ],
      "/home/stephdatu/dev/ticketee/app/controllers/registrations_controller.rb": [
        1,
        1,
        1,
        1,
        null,
        null
      ],
      "/home/stephdatu/dev/ticketee/app/controllers/tickets_controller.rb": [
        1,
        1,
        1,
        1,
        null,
        1,
        3,
        null,
        null,
        1,
        3,
        3,
        3,
        1,
        1,
        null,
        2,
        2,
        null,
        null,
        null,
        1,
        null,
        null,
        1,
        null,
        null,
        1,
        2,
        1,
        1,
        null,
        1,
        1,
        null,
        null,
        null,
        1,
        1,
        1,
        1,
        null,
        null,
        1,
        1,
        18,
        null,
        1,
        1,
        null,
        null,
        1,
        11,
        null,
        null
      ],
      "/home/stephdatu/dev/ticketee/app/models/ticket.rb": [
        1,
        1,
        1,
        1,
        null,
        1,
        null
      ],
      "/home/stephdatu/dev/ticketee/app/controllers/users_controller.rb": [
        1,
        1,
        null,
        null
      ],
      "/home/stephdatu/dev/ticketee/app/models/permission.rb": [
        1,
        1,
        1,
        1,
        null
      ]
    },
    "timestamp": 1374456519
  }
}
